<?xml version="1.0" encoding="UTF-8"?>
<!-- Generated by org.testng.reporters.JUnitXMLReporter -->
<testsuite hostname="VKodali-Lap8" name="Default test" tests="4" failures="0" timestamp="1 Dec 2016 18:58:53 GMT" time="0.074" errors="0">
  <testcase name="One" time="0.025" classname="testNGSamples.SequencingPrioritizingTC"/>
  <testcase name="Two" time="0.003" classname="testNGSamples.SequencingPrioritizingTC"/>
  <testcase name="Three" time="0.003" classname="testNGSamples.SequencingPrioritizingTC"/>
  <testcase name="Four" time="0.002" classname="testNGSamples.SequencingPrioritizingTC"/>
</testsuite> <!-- Default test -->
