<?xml version="1.0" encoding="UTF-8"?>
<testng-results skipped="0" failed="0" total="2" passed="2">
  <reporter-output>
  </reporter-output>
  <suite name="Default suite" duration-ms="77" started-at="2016-12-02T17:17:38Z" finished-at="2016-12-02T17:17:39Z">
    <groups>
    </groups>
    <test name="Default test" duration-ms="77" started-at="2016-12-02T17:17:38Z" finished-at="2016-12-02T17:17:39Z">
      <class name="testNGSamples.TestNGParametersandDataProvider">
        <test-method status="PASS" signature="Login(java.lang.String, java.lang.String)[pri:0, instance:testNGSamples.TestNGParametersandDataProvider@6d00a15d]" name="Login" duration-ms="23" started-at="2016-12-02T11:17:38Z" data-provider="getData" finished-at="2016-12-02T11:17:39Z">
          <params>
            <param index="0">
              <value>
                <![CDATA[sri]]>
              </value>
            </param>
            <param index="1">
              <value>
                <![CDATA[Muvva]]>
              </value>
            </param>
          </params>
          <reporter-output>
          </reporter-output>
        </test-method> <!-- Login -->
        <test-method status="PASS" signature="Login(java.lang.String, java.lang.String)[pri:0, instance:testNGSamples.TestNGParametersandDataProvider@6d00a15d]" name="Login" duration-ms="6" started-at="2016-12-02T11:17:39Z" data-provider="getData" finished-at="2016-12-02T11:17:39Z">
          <params>
            <param index="0">
              <value>
                <![CDATA[vasu]]>
              </value>
            </param>
            <param index="1">
              <value>
                <![CDATA[Muvva]]>
              </value>
            </param>
          </params>
          <reporter-output>
          </reporter-output>
        </test-method> <!-- Login -->
      </class> <!-- testNGSamples.TestNGParametersandDataProvider -->
    </test> <!-- Default test -->
  </suite> <!-- Default suite -->
</testng-results>
