<?xml version="1.0" encoding="UTF-8"?>
<testng-results skipped="0" failed="0" total="2" passed="2">
  <reporter-output>
  </reporter-output>
  <suite name="Suite" duration-ms="331" started-at="2016-12-02T18:44:04Z" finished-at="2016-12-02T18:44:05Z">
    <groups>
      <group name="high">
        <method signature="TestNGGroup.one()[pri:1, instance:testNGSamples.TestNGGroup@c038203]" name="one" class="testNGSamples.TestNGGroup"/>
        <method signature="TestNGGroup.three()[pri:2, instance:testNGSamples.TestNGGroup@c038203]" name="three" class="testNGSamples.TestNGGroup"/>
      </group> <!-- high -->
    </groups>
    <test name="Test" duration-ms="16" started-at="2016-12-02T18:44:04Z" finished-at="2016-12-02T18:44:04Z">
    </test> <!-- Test -->
    <test name="Test3" duration-ms="66" started-at="2016-12-02T18:44:05Z" finished-at="2016-12-02T18:44:05Z">
      <class name="testNGSamples.TestNGGroup">
        <test-method status="PASS" signature="one()[pri:1, instance:testNGSamples.TestNGGroup@c038203]" name="one" duration-ms="29" started-at="2016-12-02T12:44:05Z" finished-at="2016-12-02T12:44:05Z">
          <reporter-output>
          </reporter-output>
        </test-method> <!-- one -->
        <test-method status="PASS" signature="three()[pri:2, instance:testNGSamples.TestNGGroup@c038203]" name="three" duration-ms="4" started-at="2016-12-02T12:44:05Z" finished-at="2016-12-02T12:44:05Z">
          <reporter-output>
          </reporter-output>
        </test-method> <!-- three -->
      </class> <!-- testNGSamples.TestNGGroup -->
    </test> <!-- Test3 -->
    <test name="Test2" duration-ms="2" started-at="2016-12-02T18:44:05Z" finished-at="2016-12-02T18:44:05Z">
    </test> <!-- Test2 -->
  </suite> <!-- Suite -->
</testng-results>
