<?xml version="1.0" encoding="UTF-8"?>
<testng-results skipped="0" failed="0" total="1" passed="1">
  <reporter-output>
  </reporter-output>
  <suite name="Suite" duration-ms="16469" started-at="2016-12-11T15:59:32Z" finished-at="2016-12-11T15:59:49Z">
    <groups>
    </groups>
    <test name="Test" duration-ms="16469" started-at="2016-12-11T15:59:32Z" finished-at="2016-12-11T15:59:49Z">
      <class name="testSample1">
        <test-method status="PASS" signature="testlogin()[pri:0, instance:testSample1@5056dfcb]" name="testlogin" duration-ms="16425" started-at="2016-12-11T09:59:32Z" finished-at="2016-12-11T09:59:49Z">
          <reporter-output>
          </reporter-output>
        </test-method> <!-- testlogin -->
      </class> <!-- testSample1 -->
    </test> <!-- Test -->
  </suite> <!-- Suite -->
</testng-results>
