<?xml version="1.0" encoding="UTF-8"?>
<testng-results skipped="0" failed="0" total="2" passed="2">
  <reporter-output>
  </reporter-output>
  <suite name="TestNG Learning" duration-ms="5871" started-at="2017-04-05T23:29:00Z" finished-at="2017-04-05T23:29:06Z">
    <groups>
    </groups>
    <test name="Login Test" duration-ms="5871" started-at="2017-04-05T23:29:00Z" finished-at="2017-04-05T23:29:06Z">
      <class name="testcases.LoginTest">
        <test-method status="PASS" signature="setup()[pri:0, instance:testcases.LoginTest@1190200a]" name="setup" is-config="true" duration-ms="14419" started-at="2017-04-05T18:28:46Z" finished-at="2017-04-05T18:29:00Z">
          <reporter-output>
          </reporter-output>
        </test-method> <!-- setup -->
        <test-method status="PASS" signature="doLogin(java.lang.String, java.lang.String)[pri:0, instance:testcases.LoginTest@1190200a]" name="doLogin" duration-ms="3768" started-at="2017-04-05T18:29:00Z" data-provider="getData" finished-at="2017-04-05T18:29:04Z">
          <params>
            <param index="0">
              <value>
                <![CDATA[demo]]>
              </value>
            </param>
            <param index="1">
              <value>
                <![CDATA[demo77]]>
              </value>
            </param>
          </params>
          <reporter-output>
          </reporter-output>
        </test-method> <!-- doLogin -->
        <test-method status="PASS" signature="doLogin(java.lang.String, java.lang.String)[pri:0, instance:testcases.LoginTest@1190200a]" name="doLogin" duration-ms="2037" started-at="2017-04-05T18:29:04Z" data-provider="getData" finished-at="2017-04-05T18:29:06Z">
          <params>
            <param index="0">
              <value>
                <![CDATA[demo]]>
              </value>
            </param>
            <param index="1">
              <value>
                <![CDATA[demo77]]>
              </value>
            </param>
          </params>
          <reporter-output>
          </reporter-output>
        </test-method> <!-- doLogin -->
        <test-method status="PASS" signature="tearDown()[pri:0, instance:testcases.LoginTest@1190200a]" name="tearDown" is-config="true" duration-ms="2359" started-at="2017-04-05T18:29:06Z" finished-at="2017-04-05T18:29:09Z">
          <reporter-output>
          </reporter-output>
        </test-method> <!-- tearDown -->
      </class> <!-- testcases.LoginTest -->
    </test> <!-- Login Test -->
  </suite> <!-- TestNG Learning -->
</testng-results>
