<?xml version="1.0" encoding="UTF-8"?>
<testng-results skipped="0" failed="0" total="1" passed="1">
  <reporter-output>
  </reporter-output>
  <suite name="TestNG Learning" duration-ms="5733" started-at="2016-10-27T20:48:41Z" finished-at="2016-10-27T20:48:47Z">
    <groups>
    </groups>
    <test name="Login Test" duration-ms="5733" started-at="2016-10-27T20:48:41Z" finished-at="2016-10-27T20:48:47Z">
      <class name="testcases.LoginTest">
        <test-method status="PASS" signature="setup()[pri:0, instance:testcases.LoginTest@2e005c4b]" name="setup" is-config="true" duration-ms="15903" started-at="2016-10-27T15:48:25Z" finished-at="2016-10-27T15:48:41Z">
          <reporter-output>
          </reporter-output>
        </test-method> <!-- setup -->
        <test-method status="PASS" signature="doLogin(java.lang.String, java.lang.String)[pri:0, instance:testcases.LoginTest@2e005c4b]" name="doLogin" duration-ms="5502" started-at="2016-10-27T15:48:42Z" data-provider="getData" finished-at="2016-10-27T15:48:47Z">
          <params>
            <param index="0">
              <value>
                <![CDATA[demo]]>
              </value>
            </param>
            <param index="1">
              <value>
                <![CDATA[demo77]]>
              </value>
            </param>
          </params>
          <reporter-output>
          </reporter-output>
        </test-method> <!-- doLogin -->
        <test-method status="PASS" signature="tearDown()[pri:0, instance:testcases.LoginTest@2e005c4b]" name="tearDown" is-config="true" duration-ms="1894" started-at="2016-10-27T15:48:47Z" finished-at="2016-10-27T15:48:49Z">
          <reporter-output>
          </reporter-output>
        </test-method> <!-- tearDown -->
      </class> <!-- testcases.LoginTest -->
    </test> <!-- Login Test -->
  </suite> <!-- TestNG Learning -->
</testng-results>
